<?xml version="1.0" encoding="UTF-8"?>
<!-- Generated by org.testng.reporters.JUnitReportReporter -->
<testsuite hostname="DESKTOP-JHFA6I5" name="com.grange.qa.testcases.HomePageTest" tests="2" failures="0" timestamp="24 Dec 2019 03:20:15 GMT" time="22.212" errors="0">
  <testcase name="grangeLogoImageTest" time="12.641" classname="com.grange.qa.testcases.HomePageTest"/>
  <testcase name="homePageTitleTest" time="9.571" classname="com.grange.qa.testcases.HomePageTest"/>
</testsuite> <!-- com.grange.qa.testcases.HomePageTest -->
