<?xml version="1.0" encoding="UTF-8"?>
<!-- Generated by org.testng.reporters.JUnitReportReporter -->
<testsuite hostname="DESKTOP-JHFA6I5" name="com.grange.qa.testcases.readExcel" tests="1" failures="0" timestamp="21 Dec 2019 06:56:18 GMT" time="0.731" errors="0">
  <testcase name="readExcelfile" time="0.731" classname="com.grange.qa.testcases.readExcel"/>
</testsuite> <!-- com.grange.qa.testcases.readExcel -->
