<?xml version="1.0" encoding="UTF-8"?>
<!-- Generated by org.testng.reporters.JUnitReportReporter -->
<testsuite hostname="DESKTOP-JHFA6I5" name="com.grange.qa.testcases.writeExcel" tests="1" failures="0" timestamp="23 Dec 2019 22:25:14 GMT" time="0.807" errors="0">
  <testcase name="writeExcelFile" time="0.807" classname="com.grange.qa.testcases.writeExcel"/>
</testsuite> <!-- com.grange.qa.testcases.writeExcel -->
