<?xml version="1.0" encoding="UTF-8"?>
<!-- Generated by org.testng.reporters.JUnitReportReporter -->
<testsuite hostname="DESKTOP-JHFA6I5" name="com.grange.qa.testcases.LoginPageTest" tests="2" failures="0" timestamp="24 Dec 2019 03:10:39 GMT" time="24.859" errors="0">
  <testcase name="loginTest" time="12.760" classname="com.grange.qa.testcases.LoginPageTest"/>
  <testcase name="LoginPageTitleTest" time="12.099" classname="com.grange.qa.testcases.LoginPageTest"/>
</testsuite> <!-- com.grange.qa.testcases.LoginPageTest -->
