<?xml version="1.0" encoding="UTF-8"?>
<!-- Generated by org.testng.reporters.JUnitReportReporter -->
<testsuite hostname="DESKTOP-JHFA6I5" name="com.grange.qa.testcases.SignInPageTest" tests="1" failures="0" timestamp="23 Dec 2019 21:04:43 GMT" time="21.101" errors="0">
  <testcase name="SignInTest" time="21.101" classname="com.grange.qa.testcases.SignInPageTest"/>
</testsuite> <!-- com.grange.qa.testcases.SignInPageTest -->
