<?xml version="1.0" encoding="UTF-8"?>
<!-- Generated by org.testng.reporters.JUnitReportReporter -->
<testsuite hostname="DESKTOP-JHFA6I5" name="sample1.readExcel" tests="1" failures="0" timestamp="21 Dec 2019 22:57:59 GMT" time="0.492" errors="0">
  <testcase name="readExcelfile" time="0.492" classname="sample1.readExcel"/>
</testsuite> <!-- sample1.readExcel -->
