<?xml version="1.0" encoding="UTF-8"?>
<!-- Generated by org.testng.reporters.JUnitReportReporter -->
<testsuite hostname="DESKTOP-JHFA6I5" name="com.grange.qa.testcases.InsurancePageTest" tests="1" failures="0" timestamp="20 Dec 2019 19:39:03 GMT" time="11.909" errors="0">
  <testcase name="autoPageTitleTest" time="11.909" classname="com.grange.qa.testcases.InsurancePageTest"/>
</testsuite> <!-- com.grange.qa.testcases.InsurancePageTest -->
