<?xml version="1.0" encoding="UTF-8"?>
<!-- Generated by org.testng.reporters.JUnitReportReporter -->
<testsuite hostname="DESKTOP-JHFA6I5" name="sample1.readExcelFile" tests="1" failures="0" timestamp="23 Dec 2019 16:00:04 GMT" time="0.557" errors="0">
  <testcase name="readExcel" time="0.557" classname="sample1.readExcelFile"/>
</testsuite> <!-- sample1.readExcelFile -->
